Performing C SOURCE FILE Test CMAKE_HAVE_LIBC_PTHREAD failed with the following output:
Change Dir: /home/pi/ros_catkin_ws/build_isolated/python_qt_binding/CMakeFiles/CMakeTmp

Run Build Command(s):/usr/bin/make cmTC_55e5f/fast && /usr/bin/make -f CMakeFiles/cmTC_55e5f.dir/build.make CMakeFiles/cmTC_55e5f.dir/build
make[1]: Entering directory '/home/pi/ros_catkin_ws/build_isolated/python_qt_binding/CMakeFiles/CMakeTmp'
Building C object CMakeFiles/cmTC_55e5f.dir/src.c.o
/usr/bin/cc   -DCMAKE_HAVE_LIBC_PTHREAD   -o CMakeFiles/cmTC_55e5f.dir/src.c.o   -c /home/pi/ros_catkin_ws/build_isolated/python_qt_binding/CMakeFiles/CMakeTmp/src.c
Linking C executable cmTC_55e5f
/usr/bin/cmake -E cmake_link_script CMakeFiles/cmTC_55e5f.dir/link.txt --verbose=1
/usr/bin/cc  -DCMAKE_HAVE_LIBC_PTHREAD    -rdynamic CMakeFiles/cmTC_55e5f.dir/src.c.o  -o cmTC_55e5f 
/usr/bin/ld: CMakeFiles/cmTC_55e5f.dir/src.c.o: in function `main':
src.c:(.text+0x40): undefined reference to `pthread_create'
/usr/bin/ld: src.c:(.text+0x4c): undefined reference to `pthread_detach'
/usr/bin/ld: src.c:(.text+0x5c): undefined reference to `pthread_join'
collect2: error: ld returned 1 exit status
make[1]: *** [CMakeFiles/cmTC_55e5f.dir/build.make:87: cmTC_55e5f] Error 1
make[1]: Leaving directory '/home/pi/ros_catkin_ws/build_isolated/python_qt_binding/CMakeFiles/CMakeTmp'
make: *** [Makefile:121: cmTC_55e5f/fast] Error 2


Source file was:
#include <pthread.h>

void* test_func(void* data)
{
  return data;
}

int main(void)
{
  pthread_t thread;
  pthread_create(&thread, NULL, test_func, NULL);
  pthread_detach(thread);
  pthread_join(thread, NULL);
  pthread_atfork(NULL, NULL, NULL);
  pthread_exit(NULL);

  return 0;
}

Determining if the function pthread_create exists in the pthreads failed with the following output:
Change Dir: /home/pi/ros_catkin_ws/build_isolated/python_qt_binding/CMakeFiles/CMakeTmp

Run Build Command(s):/usr/bin/make cmTC_264ec/fast && /usr/bin/make -f CMakeFiles/cmTC_264ec.dir/build.make CMakeFiles/cmTC_264ec.dir/build
make[1]: Entering directory '/home/pi/ros_catkin_ws/build_isolated/python_qt_binding/CMakeFiles/CMakeTmp'
Building C object CMakeFiles/cmTC_264ec.dir/CheckFunctionExists.c.o
/usr/bin/cc   -DCHECK_FUNCTION_EXISTS=pthread_create   -o CMakeFiles/cmTC_264ec.dir/CheckFunctionExists.c.o   -c /usr/share/cmake-3.16/Modules/CheckFunctionExists.c
Linking C executable cmTC_264ec
/usr/bin/cmake -E cmake_link_script CMakeFiles/cmTC_264ec.dir/link.txt --verbose=1
/usr/bin/cc  -DCHECK_FUNCTION_EXISTS=pthread_create    -rdynamic CMakeFiles/cmTC_264ec.dir/CheckFunctionExists.c.o  -o cmTC_264ec  -lpthreads 
/usr/bin/ld: cannot find -lpthreads
collect2: error: ld returned 1 exit status
make[1]: *** [CMakeFiles/cmTC_264ec.dir/build.make:87: cmTC_264ec] Error 1
make[1]: Leaving directory '/home/pi/ros_catkin_ws/build_isolated/python_qt_binding/CMakeFiles/CMakeTmp'
make: *** [Makefile:121: cmTC_264ec/fast] Error 2



