Performing C SOURCE FILE Test CMAKE_HAVE_LIBC_PTHREAD failed with the following output:
Change Dir: /home/pi/ros_catkin_ws/build_isolated/qt_dotgraph/CMakeFiles/CMakeTmp

Run Build Command(s):/usr/bin/make cmTC_dc902/fast && /usr/bin/make -f CMakeFiles/cmTC_dc902.dir/build.make CMakeFiles/cmTC_dc902.dir/build
make[1]: Entering directory '/home/pi/ros_catkin_ws/build_isolated/qt_dotgraph/CMakeFiles/CMakeTmp'
Building C object CMakeFiles/cmTC_dc902.dir/src.c.o
/usr/bin/cc   -DCMAKE_HAVE_LIBC_PTHREAD   -o CMakeFiles/cmTC_dc902.dir/src.c.o   -c /home/pi/ros_catkin_ws/build_isolated/qt_dotgraph/CMakeFiles/CMakeTmp/src.c
Linking C executable cmTC_dc902
/usr/bin/cmake -E cmake_link_script CMakeFiles/cmTC_dc902.dir/link.txt --verbose=1
/usr/bin/cc  -DCMAKE_HAVE_LIBC_PTHREAD    -rdynamic CMakeFiles/cmTC_dc902.dir/src.c.o  -o cmTC_dc902 
/usr/bin/ld: CMakeFiles/cmTC_dc902.dir/src.c.o: in function `main':
src.c:(.text+0x40): undefined reference to `pthread_create'
/usr/bin/ld: src.c:(.text+0x4c): undefined reference to `pthread_detach'
/usr/bin/ld: src.c:(.text+0x5c): undefined reference to `pthread_join'
collect2: error: ld returned 1 exit status
make[1]: *** [CMakeFiles/cmTC_dc902.dir/build.make:87: cmTC_dc902] Error 1
make[1]: Leaving directory '/home/pi/ros_catkin_ws/build_isolated/qt_dotgraph/CMakeFiles/CMakeTmp'
make: *** [Makefile:121: cmTC_dc902/fast] Error 2


Source file was:
#include <pthread.h>

void* test_func(void* data)
{
  return data;
}

int main(void)
{
  pthread_t thread;
  pthread_create(&thread, NULL, test_func, NULL);
  pthread_detach(thread);
  pthread_join(thread, NULL);
  pthread_atfork(NULL, NULL, NULL);
  pthread_exit(NULL);

  return 0;
}

Determining if the function pthread_create exists in the pthreads failed with the following output:
Change Dir: /home/pi/ros_catkin_ws/build_isolated/qt_dotgraph/CMakeFiles/CMakeTmp

Run Build Command(s):/usr/bin/make cmTC_cb388/fast && /usr/bin/make -f CMakeFiles/cmTC_cb388.dir/build.make CMakeFiles/cmTC_cb388.dir/build
make[1]: Entering directory '/home/pi/ros_catkin_ws/build_isolated/qt_dotgraph/CMakeFiles/CMakeTmp'
Building C object CMakeFiles/cmTC_cb388.dir/CheckFunctionExists.c.o
/usr/bin/cc   -DCHECK_FUNCTION_EXISTS=pthread_create   -o CMakeFiles/cmTC_cb388.dir/CheckFunctionExists.c.o   -c /usr/share/cmake-3.16/Modules/CheckFunctionExists.c
Linking C executable cmTC_cb388
/usr/bin/cmake -E cmake_link_script CMakeFiles/cmTC_cb388.dir/link.txt --verbose=1
/usr/bin/cc  -DCHECK_FUNCTION_EXISTS=pthread_create    -rdynamic CMakeFiles/cmTC_cb388.dir/CheckFunctionExists.c.o  -o cmTC_cb388  -lpthreads 
/usr/bin/ld: cannot find -lpthreads
collect2: error: ld returned 1 exit status
make[1]: *** [CMakeFiles/cmTC_cb388.dir/build.make:87: cmTC_cb388] Error 1
make[1]: Leaving directory '/home/pi/ros_catkin_ws/build_isolated/qt_dotgraph/CMakeFiles/CMakeTmp'
make: *** [Makefile:121: cmTC_cb388/fast] Error 2



